[25-Aug-2013 12:38:16 UTC] PHP Fatal error:  Uncaught exception 'Exception' with message 'Some of the required parameters are not provided' in C:\wamp\www\ideamart_apps\SMSApp\lib\SmsReceiver.php:37
Stack trace:
#0 C:\wamp\www\ideamart_apps\SMSApp\app\SampleSmsApp.php(20): SmsReceiver->__construct()
#1 {main}
  thrown in C:\wamp\www\ideamart_apps\SMSApp\lib\SmsReceiver.php on line 37
[25-Aug-2013 12:56:01 UTC] PHP Fatal error:  Uncaught exception 'Exception' with message 'Some of the required parameters are not provided' in C:\wamp\www\ideamart_apps\SMSApp\lib\SmsReceiver.php:37
Stack trace:
#0 C:\wamp\www\ideamart_apps\SMSApp\app\SampleSmsApp.php(20): SmsReceiver->__construct()
#1 {main}
  thrown in C:\wamp\www\ideamart_apps\SMSApp\lib\SmsReceiver.php on line 37
[25-Aug-2013 12:56:03 UTC] PHP Fatal error:  Uncaught exception 'Exception' with message 'Some of the required parameters are not provided' in C:\wamp\www\ideamart_apps\SMSApp\lib\SmsReceiver.php:37
Stack trace:
#0 C:\wamp\www\ideamart_apps\SMSApp\app\SampleSmsApp.php(20): SmsReceiver->__construct()
#1 {main}
  thrown in C:\wamp\www\ideamart_apps\SMSApp\lib\SmsReceiver.php on line 37
[25-Aug-2013 13:17:48 UTC] PHP Fatal error:  Uncaught exception 'Exception' with message 'Some of the required parameters are not provided' in C:\wamp\www\ideamart_apps\SMSApp\lib\SmsReceiver.php:37
Stack trace:
#0 C:\wamp\www\ideamart_apps\SMSApp\app\SmsApp.php(23): SmsReceiver->__construct()
#1 {main}
  thrown in C:\wamp\www\ideamart_apps\SMSApp\lib\SmsReceiver.php on line 37
